{"/home/ariphael/canticum-bot/src/bot.ts": {"path":"/home/ariphael/canticum-bot/src/bot.ts","statementMap":{"0":{"start":{"line":1,"column":0},"end":{"line":1,"column":55}},"1":{"start":{"line":2,"column":0},"end":{"line":2,"column":38}},"2":{"start":{"line":4,"column":0},"end":{"line":4,"column":42}},"3":{"start":{"line":5,"column":0},"end":{"line":5,"column":66}},"4":{"start":{"line":7,"column":29},"end":{"line":14,"column":2}},"5":{"start":{"line":7,"column":63},"end":{"line":14,"column":2}},"6":{"start":{"line":8,"column":2},"end":{"line":8,"column":36}},"7":{"start":{"line":10,"column":2},"end":{"line":10,"column":16}},"8":{"start":{"line":11,"column":2},"end":{"line":11,"column":28}},"9":{"start":{"line":13,"column":2},"end":{"line":13,"column":28}},"10":{"start":{"line":7,"column":13},"end":{"line":7,"column":29}},"11":{"start":{"line":16,"column":15},"end":{"line":18,"column":2}},"12":{"start":{"line":20,"column":0},"end":{"line":20,"column":22}}},"fnMap":{"0":{"name":"(anonymous_7)","decl":{"start":{"line":7,"column":29},"end":{"line":7,"column":36}},"loc":{"start":{"line":7,"column":63},"end":{"line":14,"column":2}}},"1":{"name":"(anonymous_8)","decl":{"start":{"line":7,"column":63},"end":{"line":7,"column":null}},"loc":{"start":{"line":7,"column":63},"end":{"line":14,"column":1}}}},"branchMap":{},"s":{"0":1,"1":1,"2":1,"3":1,"4":1,"5":5,"6":5,"7":5,"8":5,"9":5,"10":1,"11":1,"12":1},"f":{"0":5,"1":5},"b":{}}
,"/home/ariphael/canticum-bot/src/buttons/buttons.ts": {"path":"/home/ariphael/canticum-bot/src/buttons/buttons.ts","statementMap":{"0":{"start":{"line":2,"column":0},"end":{"line":2,"column":34}},"1":{"start":{"line":3,"column":0},"end":{"line":3,"column":45}},"2":{"start":{"line":5,"column":13},"end":{"line":5,"column":57}}},"fnMap":{},"branchMap":{},"s":{"0":4,"1":4,"2":4},"f":{},"b":{}}
,"/home/ariphael/canticum-bot/src/buttons/help.buttons.ts": {"path":"/home/ariphael/canticum-bot/src/buttons/help.buttons.ts","statementMap":{"0":{"start":{"line":2,"column":0},"end":{"line":2,"column":56}},"1":{"start":{"line":3,"column":0},"end":{"line":3,"column":79}},"2":{"start":{"line":4,"column":0},"end":{"line":4,"column":null}},"3":{"start":{"line":15,"column":31},"end":{"line":18,"column":null}},"4":{"start":{"line":21,"column":2},"end":{"line":33,"column":6}},"5":{"start":{"line":36,"column":13},"end":{"line":42,"column":null}},"6":{"start":{"line":39,"column":77},"end":{"line":41,"column":null}},"7":{"start":{"line":40,"column":4},"end":{"line":40,"column":73}},"8":{"start":{"line":44,"column":35},"end":{"line":67,"column":null}},"9":{"start":{"line":44,"column":140},"end":{"line":67,"column":null}},"10":{"start":{"line":45,"column":30},"end":{"line":45,"column":43}},"11":{"start":{"line":46,"column":30},"end":{"line":46,"column":43}},"12":{"start":{"line":48,"column":2},"end":{"line":60,"column":null}},"13":{"start":{"line":49,"column":4},"end":{"line":49,"column":23}},"14":{"start":{"line":50,"column":4},"end":{"line":50,"column":43}},"15":{"start":{"line":51,"column":4},"end":{"line":53,"column":null}},"16":{"start":{"line":52,"column":6},"end":{"line":52,"column":44}},"17":{"start":{"line":54,"column":9},"end":{"line":60,"column":null}},"18":{"start":{"line":55,"column":4},"end":{"line":55,"column":23}},"19":{"start":{"line":56,"column":4},"end":{"line":56,"column":43}},"20":{"start":{"line":57,"column":4},"end":{"line":59,"column":null}},"21":{"start":{"line":58,"column":6},"end":{"line":58,"column":44}},"22":{"start":{"line":62,"column":2},"end":{"line":66,"column":5}},"23":{"start":{"line":44,"column":13},"end":{"line":44,"column":35}},"24":{"start":{"line":69,"column":33},"end":{"line":81,"column":2}},"25":{"start":{"line":69,"column":127},"end":{"line":81,"column":2}},"26":{"start":{"line":71,"column":4},"end":{"line":73,"column":5}},"27":{"start":{"line":72,"column":6},"end":{"line":72,"column":72}},"28":{"start":{"line":76,"column":20},"end":{"line":76,"column":84}},"29":{"start":{"line":78,"column":2},"end":{"line":80,"column":5}},"30":{"start":{"line":78,"column":78},"end":{"line":80,"column":4}},"31":{"start":{"line":79,"column":4},"end":{"line":79,"column":55}},"32":{"start":{"line":69,"column":13},"end":{"line":69,"column":33}}},"fnMap":{"0":{"name":"(anonymous_7)","decl":{"start":{"line":39,"column":21},"end":{"line":39,"column":28}},"loc":{"start":{"line":39,"column":77},"end":{"line":41,"column":null}}},"1":{"name":"(anonymous_8)","decl":{"start":{"line":39,"column":77},"end":{"line":39,"column":null}},"loc":{"start":{"line":39,"column":77},"end":{"line":41,"column":3}}},"2":{"name":"(anonymous_9)","decl":{"start":{"line":44,"column":35},"end":{"line":44,"column":42}},"loc":{"start":{"line":44,"column":140},"end":{"line":67,"column":null}}},"3":{"name":"(anonymous_10)","decl":{"start":{"line":44,"column":140},"end":{"line":44,"column":null}},"loc":{"start":{"line":44,"column":140},"end":{"line":67,"column":1}}},"4":{"name":"(anonymous_11)","decl":{"start":{"line":69,"column":33},"end":{"line":69,"column":40}},"loc":{"start":{"line":69,"column":127},"end":{"line":81,"column":2}}},"5":{"name":"(anonymous_12)","decl":{"start":{"line":69,"column":127},"end":{"line":69,"column":null}},"loc":{"start":{"line":69,"column":127},"end":{"line":81,"column":1}}},"6":{"name":"(anonymous_13)","decl":{"start":{"line":71,"column":4},"end":{"line":71,"column":6}},"loc":{"start":{"line":71,"column":52},"end":{"line":73,"column":5}}},"7":{"name":"(anonymous_14)","decl":{"start":{"line":78,"column":26},"end":{"line":78,"column":33}},"loc":{"start":{"line":78,"column":78},"end":{"line":80,"column":4}}},"8":{"name":"(anonymous_15)","decl":{"start":{"line":78,"column":78},"end":{"line":78,"column":null}},"loc":{"start":{"line":78,"column":78},"end":{"line":80,"column":3}}}},"branchMap":{"0":{"loc":{"start":{"line":27,"column":21},"end":{"line":27,"column":55}},"type":"cond-expr","locations":[{"start":{"line":27,"column":43},"end":{"line":27,"column":47}},{"start":{"line":27,"column":50},"end":{"line":27,"column":55}}]},"1":{"loc":{"start":{"line":32,"column":21},"end":{"line":32,"column":70}},"type":"cond-expr","locations":[{"start":{"line":32,"column":58},"end":{"line":32,"column":62}},{"start":{"line":32,"column":65},"end":{"line":32,"column":70}}]},"2":{"loc":{"start":{"line":48,"column":2},"end":{"line":60,"column":null}},"type":"if","locations":[{"start":{"line":48,"column":2},"end":{"line":60,"column":null}},{"start":{"line":54,"column":9},"end":{"line":60,"column":null}}]},"3":{"loc":{"start":{"line":51,"column":4},"end":{"line":53,"column":null}},"type":"if","locations":[{"start":{"line":51,"column":4},"end":{"line":53,"column":null}}]},"4":{"loc":{"start":{"line":54,"column":9},"end":{"line":60,"column":null}},"type":"if","locations":[{"start":{"line":54,"column":9},"end":{"line":60,"column":null}}]},"5":{"loc":{"start":{"line":57,"column":4},"end":{"line":59,"column":null}},"type":"if","locations":[{"start":{"line":57,"column":4},"end":{"line":59,"column":null}}]},"6":{"loc":{"start":{"line":72,"column":13},"end":{"line":72,"column":71}},"type":"binary-expr","locations":[{"start":{"line":72,"column":13},"end":{"line":72,"column":40}},{"start":{"line":72,"column":44},"end":{"line":72,"column":71}}]}},"s":{"0":5,"1":5,"2":5,"3":5,"4":5,"5":5,"6":1,"7":1,"8":5,"9":13,"10":13,"11":13,"12":13,"13":6,"14":6,"15":6,"16":2,"17":7,"18":7,"19":7,"20":7,"21":3,"22":13,"23":5,"24":5,"25":4,"26":4,"27":0,"28":4,"29":4,"30":1,"31":1,"32":5},"f":{"0":1,"1":1,"2":13,"3":13,"4":4,"5":4,"6":0,"7":1,"8":1},"b":{"0":[5,0],"1":[0,5],"2":[6,7],"3":[2],"4":[7],"5":[3],"6":[0,0]}}
,"/home/ariphael/canticum-bot/src/buttons/pingOk.ts": {"path":"/home/ariphael/canticum-bot/src/buttons/pingOk.ts","statementMap":{"0":{"start":{"line":2,"column":0},"end":{"line":2,"column":53}},"1":{"start":{"line":3,"column":0},"end":{"line":3,"column":null}},"2":{"start":{"line":15,"column":2},"end":{"line":22,"column":6}},"3":{"start":{"line":25,"column":13},"end":{"line":31,"column":2}},"4":{"start":{"line":28,"column":77},"end":{"line":30,"column":null}},"5":{"start":{"line":29,"column":4},"end":{"line":29,"column":33}},"6":{"start":{"line":33,"column":29},"end":{"line":44,"column":2}},"7":{"start":{"line":33,"column":85},"end":{"line":44,"column":2}},"8":{"start":{"line":35,"column":4},"end":{"line":35,"column":82}},"9":{"start":{"line":35,"column":53},"end":{"line":35,"column":82}},"10":{"start":{"line":37,"column":20},"end":{"line":37,"column":84}},"11":{"start":{"line":39,"column":2},"end":{"line":41,"column":5}},"12":{"start":{"line":39,"column":78},"end":{"line":41,"column":4}},"13":{"start":{"line":40,"column":4},"end":{"line":40,"column":67}},"14":{"start":{"line":43,"column":2},"end":{"line":43,"column":85}},"15":{"start":{"line":43,"column":35},"end":{"line":43,"column":83}},"16":{"start":{"line":33,"column":13},"end":{"line":33,"column":29}}},"fnMap":{"0":{"name":"(anonymous_7)","decl":{"start":{"line":28,"column":21},"end":{"line":28,"column":28}},"loc":{"start":{"line":28,"column":77},"end":{"line":30,"column":null}}},"1":{"name":"(anonymous_8)","decl":{"start":{"line":28,"column":77},"end":{"line":28,"column":null}},"loc":{"start":{"line":28,"column":77},"end":{"line":30,"column":3}}},"2":{"name":"(anonymous_9)","decl":{"start":{"line":33,"column":29},"end":{"line":33,"column":36}},"loc":{"start":{"line":33,"column":85},"end":{"line":44,"column":2}}},"3":{"name":"(anonymous_10)","decl":{"start":{"line":33,"column":85},"end":{"line":33,"column":null}},"loc":{"start":{"line":33,"column":85},"end":{"line":44,"column":1}}},"4":{"name":"(anonymous_11)","decl":{"start":{"line":35,"column":4},"end":{"line":35,"column":6}},"loc":{"start":{"line":35,"column":53},"end":{"line":35,"column":82}}},"5":{"name":"(anonymous_12)","decl":{"start":{"line":39,"column":26},"end":{"line":39,"column":33}},"loc":{"start":{"line":39,"column":78},"end":{"line":41,"column":4}}},"6":{"name":"(anonymous_13)","decl":{"start":{"line":39,"column":78},"end":{"line":39,"column":null}},"loc":{"start":{"line":39,"column":78},"end":{"line":41,"column":3}}},"7":{"name":"(anonymous_14)","decl":{"start":{"line":43,"column":22},"end":{"line":43,"column":31}},"loc":{"start":{"line":43,"column":35},"end":{"line":43,"column":83}}}},"branchMap":{},"s":{"0":5,"1":5,"2":5,"3":5,"4":4,"5":4,"6":5,"7":6,"8":6,"9":0,"10":6,"11":6,"12":0,"13":0,"14":6,"15":0,"16":5},"f":{"0":4,"1":4,"2":6,"3":6,"4":0,"5":0,"6":0,"7":0},"b":{}}
,"/home/ariphael/canticum-bot/src/commands/commands.ts": {"path":"/home/ariphael/canticum-bot/src/commands/commands.ts","statementMap":{"0":{"start":{"line":2,"column":0},"end":{"line":2,"column":30}},"1":{"start":{"line":3,"column":0},"end":{"line":3,"column":30}},"2":{"start":{"line":5,"column":13},"end":{"line":5,"column":50}}},"fnMap":{},"branchMap":{},"s":{"0":3,"1":3,"2":3},"f":{},"b":{}}
,"/home/ariphael/canticum-bot/src/commands/help.ts": {"path":"/home/ariphael/canticum-bot/src/commands/help.ts","statementMap":{"0":{"start":{"line":2,"column":0},"end":{"line":2,"column":63}},"1":{"start":{"line":3,"column":0},"end":{"line":3,"column":45}},"2":{"start":{"line":4,"column":0},"end":{"line":4,"column":60}},"3":{"start":{"line":5,"column":0},"end":{"line":5,"column":null}},"4":{"start":{"line":13,"column":13},"end":{"line":25,"column":2}},"5":{"start":{"line":22,"column":100},"end":{"line":24,"column":null}},"6":{"start":{"line":23,"column":4},"end":{"line":23,"column":43}},"7":{"start":{"line":27,"column":27},"end":{"line":41,"column":2}},"8":{"start":{"line":27,"column":106},"end":{"line":41,"column":2}},"9":{"start":{"line":28,"column":2},"end":{"line":28,"column":33}},"10":{"start":{"line":30,"column":2},"end":{"line":34,"column":null}},"11":{"start":{"line":31,"column":39},"end":{"line":31,"column":96}},"12":{"start":{"line":32,"column":4},"end":{"line":32,"column":88}},"13":{"start":{"line":33,"column":4},"end":{"line":33,"column":11}},"14":{"start":{"line":36,"column":21},"end":{"line":36,"column":67}},"15":{"start":{"line":36,"column":39},"end":{"line":36,"column":66}},"16":{"start":{"line":38,"column":2},"end":{"line":38,"column":52}},"17":{"start":{"line":40,"column":2},"end":{"line":40,"column":98}},"18":{"start":{"line":27,"column":13},"end":{"line":27,"column":27}}},"fnMap":{"0":{"name":"(anonymous_7)","decl":{"start":{"line":22,"column":7},"end":{"line":22,"column":14}},"loc":{"start":{"line":22,"column":100},"end":{"line":24,"column":null}}},"1":{"name":"(anonymous_8)","decl":{"start":{"line":22,"column":100},"end":{"line":22,"column":null}},"loc":{"start":{"line":22,"column":100},"end":{"line":24,"column":3}}},"2":{"name":"(anonymous_9)","decl":{"start":{"line":27,"column":27},"end":{"line":27,"column":34}},"loc":{"start":{"line":27,"column":106},"end":{"line":41,"column":2}}},"3":{"name":"(anonymous_10)","decl":{"start":{"line":27,"column":106},"end":{"line":27,"column":null}},"loc":{"start":{"line":27,"column":106},"end":{"line":41,"column":1}}},"4":{"name":"(anonymous_11)","decl":{"start":{"line":36,"column":34},"end":{"line":36,"column":35}},"loc":{"start":{"line":36,"column":39},"end":{"line":36,"column":66}}}},"branchMap":{"0":{"loc":{"start":{"line":30,"column":2},"end":{"line":34,"column":null}},"type":"if","locations":[{"start":{"line":30,"column":2},"end":{"line":34,"column":null}}]}},"s":{"0":3,"1":3,"2":3,"3":3,"4":3,"5":0,"6":0,"7":3,"8":0,"9":0,"10":0,"11":0,"12":0,"13":0,"14":0,"15":0,"16":0,"17":0,"18":3},"f":{"0":0,"1":0,"2":0,"3":0,"4":0},"b":{"0":[0]}}
,"/home/ariphael/canticum-bot/src/commands/ping.ts": {"path":"/home/ariphael/canticum-bot/src/commands/ping.ts","statementMap":{"0":{"start":{"line":2,"column":0},"end":{"line":2,"column":45}},"1":{"start":{"line":3,"column":0},"end":{"line":3,"column":62}},"2":{"start":{"line":4,"column":0},"end":{"line":4,"column":null}},"3":{"start":{"line":12,"column":13},"end":{"line":18,"column":2}},"4":{"start":{"line":15,"column":100},"end":{"line":17,"column":null}},"5":{"start":{"line":16,"column":4},"end":{"line":16,"column":43}},"6":{"start":{"line":20,"column":27},"end":{"line":38,"column":2}},"7":{"start":{"line":20,"column":120},"end":{"line":38,"column":2}},"8":{"start":{"line":21,"column":17},"end":{"line":21,"column":65}},"9":{"start":{"line":21,"column":35},"end":{"line":21,"column":64}},"10":{"start":{"line":22,"column":14},"end":{"line":22,"column":24}},"11":{"start":{"line":24,"column":2},"end":{"line":24,"column":48}},"12":{"start":{"line":26,"column":16},"end":{"line":28,"column":20}},"13":{"start":{"line":30,"column":14},"end":{"line":30,"column":44}},"14":{"start":{"line":31,"column":21},"end":{"line":31,"column":84}},"15":{"start":{"line":32,"column":21},"end":{"line":32,"column":35}},"16":{"start":{"line":33,"column":2},"end":{"line":35,"column":4}},"17":{"start":{"line":37,"column":2},"end":{"line":37,"column":83}},"18":{"start":{"line":20,"column":13},"end":{"line":20,"column":27}}},"fnMap":{"0":{"name":"(anonymous_7)","decl":{"start":{"line":15,"column":7},"end":{"line":15,"column":14}},"loc":{"start":{"line":15,"column":100},"end":{"line":17,"column":null}}},"1":{"name":"(anonymous_8)","decl":{"start":{"line":15,"column":100},"end":{"line":15,"column":null}},"loc":{"start":{"line":15,"column":100},"end":{"line":17,"column":3}}},"2":{"name":"(anonymous_9)","decl":{"start":{"line":20,"column":27},"end":{"line":20,"column":34}},"loc":{"start":{"line":20,"column":120},"end":{"line":38,"column":2}}},"3":{"name":"(anonymous_10)","decl":{"start":{"line":20,"column":120},"end":{"line":20,"column":null}},"loc":{"start":{"line":20,"column":120},"end":{"line":38,"column":1}}},"4":{"name":"(anonymous_11)","decl":{"start":{"line":21,"column":30},"end":{"line":21,"column":31}},"loc":{"start":{"line":21,"column":35},"end":{"line":21,"column":64}}}},"branchMap":{},"s":{"0":4,"1":4,"2":4,"3":4,"4":1,"5":1,"6":4,"7":2,"8":2,"9":2,"10":2,"11":2,"12":2,"13":2,"14":2,"15":2,"16":2,"17":2,"18":4},"f":{"0":1,"1":1,"2":2,"3":2,"4":2},"b":{}}
,"/home/ariphael/canticum-bot/src/embeds/helpCommandsInfo.ts": {"path":"/home/ariphael/canticum-bot/src/embeds/helpCommandsInfo.ts","statementMap":{"0":{"start":{"line":1,"column":13},"end":{"line":29,"column":null}}},"fnMap":{},"branchMap":{},"s":{"0":5},"f":{},"b":{}}
,"/home/ariphael/canticum-bot/src/embeds/helpEmbeds.ts": {"path":"/home/ariphael/canticum-bot/src/embeds/helpEmbeds.ts","statementMap":{"0":{"start":{"line":1,"column":0},"end":{"line":1,"column":49}},"1":{"start":{"line":2,"column":0},"end":{"line":2,"column":42}},"2":{"start":{"line":4,"column":13},"end":{"line":4,"column":26}},"3":{"start":{"line":5,"column":13},"end":{"line":29,"column":2}},"4":{"start":{"line":31,"column":31},"end":{"line":49,"column":1}},"5":{"start":{"line":32,"column":22},"end":{"line":32,"column":78}},"6":{"start":{"line":32,"column":49},"end":{"line":32,"column":77}},"7":{"start":{"line":33,"column":2},"end":{"line":41,"column":null}},"8":{"start":{"line":34,"column":4},"end":{"line":40,"column":null}},"9":{"start":{"line":42,"column":2},"end":{"line":48,"column":null}},"10":{"start":{"line":31,"column":13},"end":{"line":31,"column":31}}},"fnMap":{"0":{"name":"(anonymous_0)","decl":{"start":{"line":31,"column":31},"end":{"line":31,"column":32}},"loc":{"start":{"line":31,"column":65},"end":{"line":49,"column":1}}},"1":{"name":"(anonymous_1)","decl":{"start":{"line":32,"column":39},"end":{"line":32,"column":40}},"loc":{"start":{"line":32,"column":49},"end":{"line":32,"column":77}}}},"branchMap":{"0":{"loc":{"start":{"line":33,"column":2},"end":{"line":41,"column":null}},"type":"if","locations":[{"start":{"line":33,"column":2},"end":{"line":41,"column":null}}]}},"s":{"0":5,"1":5,"2":5,"3":5,"4":5,"5":0,"6":0,"7":0,"8":0,"9":0,"10":5},"f":{"0":0,"1":0},"b":{"0":[0]}}
,"/home/ariphael/canticum-bot/src/listeners/interactionCreate.ts": {"path":"/home/ariphael/canticum-bot/src/listeners/interactionCreate.ts","statementMap":{"0":{"start":{"line":2,"column":0},"end":{"line":2,"column":48}},"1":{"start":{"line":6,"column":33},"end":{"line":12,"column":1}},"2":{"start":{"line":7,"column":2},"end":{"line":11,"column":5}},"3":{"start":{"line":7,"column":79},"end":{"line":11,"column":4}},"4":{"start":{"line":8,"column":4},"end":{"line":10,"column":null}},"5":{"start":{"line":9,"column":6},"end":{"line":9,"column":64}},"6":{"start":{"line":6,"column":13},"end":{"line":6,"column":33}},"7":{"start":{"line":14,"column":36},"end":{"line":24,"column":null}},"8":{"start":{"line":14,"column":136},"end":{"line":24,"column":null}},"9":{"start":{"line":15,"column":2},"end":{"line":15,"column":48}},"10":{"start":{"line":15,"column":41},"end":{"line":15,"column":48}},"11":{"start":{"line":17,"column":23},"end":{"line":17,"column":79}},"12":{"start":{"line":17,"column":44},"end":{"line":17,"column":78}},"13":{"start":{"line":18,"column":2},"end":{"line":21,"column":null}},"14":{"start":{"line":19,"column":4},"end":{"line":19,"column":84}},"15":{"start":{"line":20,"column":4},"end":{"line":20,"column":11}},"16":{"start":{"line":23,"column":2},"end":{"line":23,"column":40}},"17":{"start":{"line":14,"column":13},"end":{"line":14,"column":36}}},"fnMap":{"0":{"name":"(anonymous_7)","decl":{"start":{"line":6,"column":33},"end":{"line":6,"column":34}},"loc":{"start":{"line":6,"column":52},"end":{"line":12,"column":1}}},"1":{"name":"(anonymous_8)","decl":{"start":{"line":7,"column":33},"end":{"line":7,"column":40}},"loc":{"start":{"line":7,"column":79},"end":{"line":11,"column":4}}},"2":{"name":"(anonymous_9)","decl":{"start":{"line":7,"column":79},"end":{"line":7,"column":null}},"loc":{"start":{"line":7,"column":79},"end":{"line":11,"column":3}}},"3":{"name":"(anonymous_10)","decl":{"start":{"line":14,"column":36},"end":{"line":14,"column":43}},"loc":{"start":{"line":14,"column":136},"end":{"line":24,"column":null}}},"4":{"name":"(anonymous_11)","decl":{"start":{"line":14,"column":136},"end":{"line":14,"column":null}},"loc":{"start":{"line":14,"column":136},"end":{"line":24,"column":1}}},"5":{"name":"(anonymous_12)","decl":{"start":{"line":17,"column":39},"end":{"line":17,"column":40}},"loc":{"start":{"line":17,"column":44},"end":{"line":17,"column":78}}}},"branchMap":{"0":{"loc":{"start":{"line":8,"column":4},"end":{"line":10,"column":null}},"type":"if","locations":[{"start":{"line":8,"column":4},"end":{"line":10,"column":null}}]},"1":{"loc":{"start":{"line":8,"column":8},"end":{"line":8,"column":69}},"type":"binary-expr","locations":[{"start":{"line":8,"column":8},"end":{"line":8,"column":31}},{"start":{"line":8,"column":35},"end":{"line":8,"column":69}}]},"2":{"loc":{"start":{"line":15,"column":2},"end":{"line":15,"column":48}},"type":"if","locations":[{"start":{"line":15,"column":2},"end":{"line":15,"column":48}}]},"3":{"loc":{"start":{"line":18,"column":2},"end":{"line":21,"column":null}},"type":"if","locations":[{"start":{"line":18,"column":2},"end":{"line":21,"column":null}}]}},"s":{"0":2,"1":2,"2":5,"3":0,"4":0,"5":0,"6":2,"7":2,"8":8,"9":8,"10":1,"11":7,"12":8,"13":7,"14":3,"15":3,"16":4,"17":2},"f":{"0":5,"1":0,"2":0,"3":8,"4":8,"5":8},"b":{"0":[0],"1":[0,0],"2":[1],"3":[3]}}
,"/home/ariphael/canticum-bot/src/listeners/ready.ts": {"path":"/home/ariphael/canticum-bot/src/listeners/ready.ts","statementMap":{"0":{"start":{"line":2,"column":0},"end":{"line":2,"column":48}},"1":{"start":{"line":4,"column":21},"end":{"line":8,"column":1}},"2":{"start":{"line":5,"column":2},"end":{"line":7,"column":5}},"3":{"start":{"line":5,"column":34},"end":{"line":7,"column":4}},"4":{"start":{"line":6,"column":4},"end":{"line":6,"column":32}},"5":{"start":{"line":4,"column":13},"end":{"line":4,"column":21}},"6":{"start":{"line":10,"column":29},"end":{"line":20,"column":null}},"7":{"start":{"line":10,"column":54},"end":{"line":20,"column":null}},"8":{"start":{"line":11,"column":2},"end":{"line":19,"column":null}},"9":{"start":{"line":12,"column":4},"end":{"line":14,"column":null}},"10":{"start":{"line":13,"column":6},"end":{"line":13,"column":13}},"11":{"start":{"line":16,"column":4},"end":{"line":16,"column":52}},"12":{"start":{"line":18,"column":4},"end":{"line":18,"column":58}},"13":{"start":{"line":10,"column":13},"end":{"line":10,"column":29}}},"fnMap":{"0":{"name":"(anonymous_7)","decl":{"start":{"line":4,"column":21},"end":{"line":4,"column":22}},"loc":{"start":{"line":4,"column":40},"end":{"line":8,"column":1}}},"1":{"name":"(anonymous_8)","decl":{"start":{"line":5,"column":23},"end":{"line":5,"column":32}},"loc":{"start":{"line":5,"column":34},"end":{"line":7,"column":4}}},"2":{"name":"(anonymous_9)","decl":{"start":{"line":5,"column":34},"end":{"line":5,"column":null}},"loc":{"start":{"line":5,"column":34},"end":{"line":7,"column":3}}},"3":{"name":"(anonymous_10)","decl":{"start":{"line":10,"column":29},"end":{"line":10,"column":36}},"loc":{"start":{"line":10,"column":54},"end":{"line":20,"column":null}}},"4":{"name":"(anonymous_11)","decl":{"start":{"line":10,"column":54},"end":{"line":10,"column":null}},"loc":{"start":{"line":10,"column":54},"end":{"line":20,"column":1}}}},"branchMap":{"0":{"loc":{"start":{"line":11,"column":2},"end":{"line":19,"column":null}},"type":"if","locations":[{"start":{"line":11,"column":2},"end":{"line":19,"column":null}}]},"1":{"loc":{"start":{"line":12,"column":4},"end":{"line":14,"column":null}},"type":"if","locations":[{"start":{"line":12,"column":4},"end":{"line":14,"column":null}}]},"2":{"loc":{"start":{"line":12,"column":8},"end":{"line":12,"column":43}},"type":"binary-expr","locations":[{"start":{"line":12,"column":8},"end":{"line":12,"column":20}},{"start":{"line":12,"column":24},"end":{"line":12,"column":43}}]}},"s":{"0":2,"1":2,"2":5,"3":0,"4":0,"5":2,"6":2,"7":5,"8":5,"9":3,"10":1,"11":2,"12":2,"13":2},"f":{"0":5,"1":0,"2":0,"3":5,"4":5},"b":{"0":[3],"1":[1],"2":[3,3]}}
}
