TN:
SF:src/bot.ts
FN:7,(anonymous_7)
FN:7,(anonymous_8)
FNF:2
FNH:2
FNDA:5,(anonymous_7)
FNDA:5,(anonymous_8)
DA:1,1
DA:2,1
DA:4,1
DA:5,1
DA:7,5
DA:8,5
DA:10,5
DA:11,5
DA:13,5
DA:16,1
DA:20,1
LF:11
LH:11
BRF:0
BRH:0
end_of_record
TN:
SF:src/buttons/buttons.ts
FNF:0
FNH:0
DA:2,4
DA:3,4
DA:5,4
LF:3
LH:3
BRF:0
BRH:0
end_of_record
TN:
SF:src/buttons/help.buttons.ts
FN:39,(anonymous_7)
FN:39,(anonymous_8)
FN:44,(anonymous_9)
FN:44,(anonymous_10)
FN:69,(anonymous_11)
FN:69,(anonymous_12)
FN:71,(anonymous_13)
FN:78,(anonymous_14)
FN:78,(anonymous_15)
FNF:9
FNH:8
FNDA:1,(anonymous_7)
FNDA:1,(anonymous_8)
FNDA:13,(anonymous_9)
FNDA:13,(anonymous_10)
FNDA:4,(anonymous_11)
FNDA:4,(anonymous_12)
FNDA:0,(anonymous_13)
FNDA:1,(anonymous_14)
FNDA:1,(anonymous_15)
DA:2,5
DA:3,5
DA:4,5
DA:15,5
DA:21,5
DA:36,5
DA:39,1
DA:40,1
DA:44,13
DA:45,13
DA:46,13
DA:48,13
DA:49,6
DA:50,6
DA:51,6
DA:52,2
DA:54,7
DA:55,7
DA:56,7
DA:57,7
DA:58,3
DA:62,13
DA:69,5
DA:71,4
DA:72,0
DA:76,4
DA:78,4
DA:79,1
LF:28
LH:27
BRDA:27,0,0,5
BRDA:27,0,1,0
BRDA:32,1,0,0
BRDA:32,1,1,5
BRDA:48,2,0,6
BRDA:48,2,1,7
BRDA:51,3,0,2
BRDA:54,4,0,7
BRDA:57,5,0,3
BRDA:72,6,0,0
BRDA:72,6,1,0
BRF:11
BRH:7
end_of_record
TN:
SF:src/buttons/pingOk.ts
FN:28,(anonymous_7)
FN:28,(anonymous_8)
FN:33,(anonymous_9)
FN:33,(anonymous_10)
FN:35,(anonymous_11)
FN:39,(anonymous_12)
FN:39,(anonymous_13)
FN:43,(anonymous_14)
FNF:8
FNH:4
FNDA:4,(anonymous_7)
FNDA:4,(anonymous_8)
FNDA:6,(anonymous_9)
FNDA:6,(anonymous_10)
FNDA:0,(anonymous_11)
FNDA:0,(anonymous_12)
FNDA:0,(anonymous_13)
FNDA:0,(anonymous_14)
DA:2,5
DA:3,5
DA:15,5
DA:25,5
DA:28,4
DA:29,4
DA:33,6
DA:35,6
DA:37,6
DA:39,6
DA:40,0
DA:43,6
LF:12
LH:11
BRF:0
BRH:0
end_of_record
TN:
SF:src/commands/commands.ts
FNF:0
FNH:0
DA:2,3
DA:3,3
DA:5,3
LF:3
LH:3
BRF:0
BRH:0
end_of_record
TN:
SF:src/commands/help.ts
FN:22,(anonymous_7)
FN:22,(anonymous_8)
FN:27,(anonymous_9)
FN:27,(anonymous_10)
FN:36,(anonymous_11)
FNF:5
FNH:0
FNDA:0,(anonymous_7)
FNDA:0,(anonymous_8)
FNDA:0,(anonymous_9)
FNDA:0,(anonymous_10)
FNDA:0,(anonymous_11)
DA:2,3
DA:3,3
DA:4,3
DA:5,3
DA:13,3
DA:22,0
DA:23,0
DA:27,3
DA:28,0
DA:30,0
DA:31,0
DA:32,0
DA:33,0
DA:36,0
DA:38,0
DA:40,0
LF:16
LH:6
BRDA:30,0,0,0
BRF:1
BRH:0
end_of_record
TN:
SF:src/commands/ping.ts
FN:15,(anonymous_7)
FN:15,(anonymous_8)
FN:20,(anonymous_9)
FN:20,(anonymous_10)
FN:21,(anonymous_11)
FNF:5
FNH:5
FNDA:1,(anonymous_7)
FNDA:1,(anonymous_8)
FNDA:2,(anonymous_9)
FNDA:2,(anonymous_10)
FNDA:2,(anonymous_11)
DA:2,4
DA:3,4
DA:4,4
DA:12,4
DA:15,1
DA:16,1
DA:20,4
DA:21,2
DA:22,2
DA:24,2
DA:26,2
DA:30,2
DA:31,2
DA:32,2
DA:33,2
DA:37,2
LF:16
LH:16
BRF:0
BRH:0
end_of_record
TN:
SF:src/embeds/helpCommandsInfo.ts
FNF:0
FNH:0
DA:1,5
LF:1
LH:1
BRF:0
BRH:0
end_of_record
TN:
SF:src/embeds/helpEmbeds.ts
FN:31,(anonymous_0)
FN:32,(anonymous_1)
FNF:2
FNH:0
FNDA:0,(anonymous_0)
FNDA:0,(anonymous_1)
DA:1,5
DA:2,5
DA:4,5
DA:5,5
DA:31,5
DA:32,0
DA:33,0
DA:34,0
DA:42,0
LF:9
LH:5
BRDA:33,0,0,0
BRF:1
BRH:0
end_of_record
TN:
SF:src/listeners/interactionCreate.ts
FN:6,(anonymous_7)
FN:7,(anonymous_8)
FN:7,(anonymous_9)
FN:14,(anonymous_10)
FN:14,(anonymous_11)
FN:17,(anonymous_12)
FNF:6
FNH:4
FNDA:5,(anonymous_7)
FNDA:0,(anonymous_8)
FNDA:0,(anonymous_9)
FNDA:8,(anonymous_10)
FNDA:8,(anonymous_11)
FNDA:8,(anonymous_12)
DA:2,2
DA:6,2
DA:7,5
DA:8,0
DA:9,0
DA:14,8
DA:15,8
DA:17,8
DA:18,7
DA:19,3
DA:20,3
DA:23,4
LF:12
LH:10
BRDA:8,0,0,0
BRDA:8,1,0,0
BRDA:8,1,1,0
BRDA:15,2,0,1
BRDA:18,3,0,3
BRF:5
BRH:2
end_of_record
TN:
SF:src/listeners/ready.ts
FN:4,(anonymous_7)
FN:5,(anonymous_8)
FN:5,(anonymous_9)
FN:10,(anonymous_10)
FN:10,(anonymous_11)
FNF:5
FNH:3
FNDA:5,(anonymous_7)
FNDA:0,(anonymous_8)
FNDA:0,(anonymous_9)
FNDA:5,(anonymous_10)
FNDA:5,(anonymous_11)
DA:2,2
DA:4,2
DA:5,5
DA:6,0
DA:10,5
DA:11,5
DA:12,3
DA:13,1
DA:16,2
DA:18,2
LF:10
LH:9
BRDA:11,0,0,3
BRDA:12,1,0,1
BRDA:12,2,0,3
BRDA:12,2,1,3
BRF:4
BRH:4
end_of_record
